<?xml version="1.0" encoding="UTF-8"?>
<!-- Generated by org.testng.reporters.JUnitXMLReporter -->
<testsuite ignored="0" hostname="DARRELL" failures="0" tests="4" name="Default test" time="3.451" errors="0" timestamp="2026-09-08T18:36:05 PST">
  <testcase classname="com.api.automation.tests.RecordPutTest" name="putForbidden" time="2.18"/>
  <testcase classname="com.api.automation.tests.RecordPutTest" name="putInvalidAuthentication" time="0.425"/>
  <testcase classname="com.api.automation.tests.RecordPutTest" name="putNoAuthentication" time="0.414"/>
  <testcase classname="com.api.automation.tests.RecordPutTest" name="putRecordNotFound" time="0.398"/>
</testsuite> <!-- Default test -->
