<?xml version="1.0" encoding="UTF-8"?>
<!-- Generated by org.testng.reporters.JUnitXMLReporter -->
<testsuite ignored="0" hostname="DARRELL" failures="0" tests="18" name="API Automation" time="11.47" errors="0" timestamp="2026-09-08T18:48:43 PST">
  <testcase classname="com.api.automation.tests.RecordPostTest" name="postMissingRequireddata" time="1.868"/>
  <testcase classname="com.api.automation.tests.RecordPostTest" name="postRecord" time="1.084"/>
  <testcase classname="com.api.automation.tests.RecordGetTest" name="getInvalidAuthentication" time="0.715"/>
  <testcase classname="com.api.automation.tests.RecordGetTest" name="getListNotFound" time="0.679"/>
  <testcase classname="com.api.automation.tests.RecordGetTest" name="getListRecords" time="0.932"/>
  <testcase classname="com.api.automation.tests.RecordGetTest" name="getNoAuthentication" time="0.423"/>
  <testcase classname="com.api.automation.tests.RecordPutTest" name="putForbidden" time="0.417"/>
  <testcase classname="com.api.automation.tests.RecordPutTest" name="putInvalidAuthentication" time="0.428"/>
  <testcase classname="com.api.automation.tests.RecordPutTest" name="putNoAuthentication" time="0.36"/>
  <testcase classname="com.api.automation.tests.RecordPutTest" name="putRecordNotFound" time="0.401"/>
  <testcase classname="com.api.automation.tests.RecordDeleteTest" name="deleteForbidden" time="0.675"/>
  <testcase classname="com.api.automation.tests.RecordDeleteTest" name="deleteInvalid" time="0.441"/>
  <testcase classname="com.api.automation.tests.RecordDeleteTest" name="deleteNonexisting" time="0.422"/>
  <testcase classname="com.api.automation.tests.RecordDeleteTest" name="deletenoAuthentication" time="0.66"/>
  <testcase classname="com.api.automation.tests.RecordGetTest" name="getRecord" time="0.429"/>
  <testcase classname="com.api.automation.tests.RecordPutTest" name="putUpdateRecord" time="0.442"/>
  <testcase classname="com.api.automation.tests.RecordDeleteTest" name="deleteProduct" time="0.66"/>
  <testcase classname="com.api.automation.tests.RecordDeleteTest" name="deletesameProduct" time="0.381"/>
</testsuite> <!-- API Automation -->
