<?xml version="1.0" encoding="UTF-8"?>
<!-- Generated by org.testng.reporters.JUnitReportReporter -->
<testsuite hostname="DARRELL" failures="0" tests="5" name="com.api.automation.tests.RecordGetTest" time="3.178" errors="0" timestamp="2026-09-08T18:48:43 PST" skipped="0">
  <testcase classname="com.api.automation.tests.RecordGetTest" name="getRecord" time="0.429"/>
  <testcase classname="com.api.automation.tests.RecordGetTest" name="getNoAuthentication" time="0.423"/>
  <testcase classname="com.api.automation.tests.RecordGetTest" name="getListNotFound" time="0.679"/>
  <testcase classname="com.api.automation.tests.RecordGetTest" name="getInvalidAuthentication" time="0.715"/>
  <testcase classname="com.api.automation.tests.RecordGetTest" name="getListRecords" time="0.932"/>
</testsuite> <!-- com.api.automation.tests.RecordGetTest -->
