<?xml version="1.0" encoding="UTF-8"?>
<!-- Generated by org.testng.reporters.JUnitReportReporter -->
<testsuite hostname="DARRELL" failures="0" tests="5" name="com.api.automation.tests.UserGetTest" time="3.211" errors="0" timestamp="2026-09-07T16:38:28 PST" skipped="0">
  <testcase classname="com.api.automation.tests.UserGetTest" name="getListNotFound" time="0.381"/>
  <testcase classname="com.api.automation.tests.UserGetTest" name="getListRecords" time="0.776"/>
  <testcase classname="com.api.automation.tests.UserGetTest" name="getForbidden" time="1.280"/>
  <testcase classname="com.api.automation.tests.UserGetTest" name="getRecord" time="0.389"/>
  <testcase classname="com.api.automation.tests.UserGetTest" name="getNotAuthorized" time="0.385"/>
</testsuite> <!-- com.api.automation.tests.UserGetTest -->
