<?xml version="1.0" encoding="UTF-8"?>
<!-- Generated by org.testng.reporters.JUnitReportReporter -->
<testsuite hostname="DARRELL" failures="0" tests="5" name="com.api.automation.tests.RecordPutTest" time="2.048" errors="0" timestamp="2026-09-08T18:48:43 PST" skipped="0">
  <testcase classname="com.api.automation.tests.RecordPutTest" name="putNoAuthentication" time="0.360"/>
  <testcase classname="com.api.automation.tests.RecordPutTest" name="putInvalidAuthentication" time="0.428"/>
  <testcase classname="com.api.automation.tests.RecordPutTest" name="putRecordNotFound" time="0.401"/>
  <testcase classname="com.api.automation.tests.RecordPutTest" name="putUpdateRecord" time="0.442"/>
  <testcase classname="com.api.automation.tests.RecordPutTest" name="putForbidden" time="0.417"/>
</testsuite> <!-- com.api.automation.tests.RecordPutTest -->
