<?xml version="1.0" encoding="UTF-8"?>
<!-- Generated by org.testng.reporters.JUnitReportReporter -->
<testsuite hostname="DARRELL" failures="0" tests="6" name="com.api.automation.tests.RecordDeleteTest" time="3.239" errors="0" timestamp="2026-09-08T18:48:43 PST" skipped="0">
  <testcase classname="com.api.automation.tests.RecordDeleteTest" name="deletesameProduct" time="0.381"/>
  <testcase classname="com.api.automation.tests.RecordDeleteTest" name="deleteProduct" time="0.660"/>
  <testcase classname="com.api.automation.tests.RecordDeleteTest" name="deletenoAuthentication" time="0.660"/>
  <testcase classname="com.api.automation.tests.RecordDeleteTest" name="deleteForbidden" time="0.675"/>
  <testcase classname="com.api.automation.tests.RecordDeleteTest" name="deleteNonexisting" time="0.422"/>
  <testcase classname="com.api.automation.tests.RecordDeleteTest" name="deleteInvalid" time="0.441"/>
</testsuite> <!-- com.api.automation.tests.RecordDeleteTest -->
