<?xml version="1.0" encoding="UTF-8"?>
<!-- Generated by org.testng.reporters.JUnitReportReporter -->
<testsuite hostname="DARRELL" failures="0" tests="2" name="com.api.automation.tests.RecordPostTest" time="2.952" errors="0" timestamp="2026-09-08T18:48:43 PST" skipped="0">
  <testcase classname="com.api.automation.tests.RecordPostTest" name="postRecord" time="1.084"/>
  <testcase classname="com.api.automation.tests.RecordPostTest" name="postMissingRequireddata" time="1.868"/>
</testsuite> <!-- com.api.automation.tests.RecordPostTest -->
